[36mℹ[39m Mode: test
[35m◐[39m [0.0%] cookbook building..
[35m◐[39m [3.7%] cookbook building..
[36mℹ[39m [3.8%] ✨ route schema generated: modules/typia/hello.action.ts
[36mℹ[39m [3.9%] ✨ route schema generated: modules/index.action.ts
[36mℹ[39m [4.0%] ✨ route schema generated: modules/typia/index.action.ts
[36mℹ[39m [4.1%] ✨ route schema generated: modules/typia/index.action.ts
[36mℹ[39m [4.2%] ✨ route schema generated: modules/typia/hello.action.ts
[36mℹ[39m [4.3%] ✨ route schema generated: modules/typia/hello.action.ts
[36mℹ[39m [4.4%] ✨ route schema generated: modules/index.action.ts
[36mℹ[39m [4.5%] ✨ route schema generated: modules/typia/index.action.ts
[36mℹ[39m [4.6%] ✨ route schema generated: modules/index.action.ts
[36mℹ[39m [4.0%] ✨ route schema generated: modules/stream/check-cancel-state.action.ts
[36mℹ[39m [4.1%] ✨ route schema generated: modules/stream/flow-fail.stream.ts
[36mℹ[39m [4.2%] ✨ route schema generated: modules/stream/check-cancel-state.action.ts
[36mℹ[39m [4.3%] ✨ route schema generated: modules/stream/flow-success.stream.ts
[36mℹ[39m [4.4%] ✨ route schema generated: modules/stream/flow-success.stream.ts
[36mℹ[39m [4.5%] ✨ route schema generated: modules/stream/flow-success.stream.ts
[36mℹ[39m [4.6%] ✨ route schema generated: modules/stream/check-cancel-state.action.ts
[36mℹ[39m [4.7%] ✨ route schema generated: modules/stream/flow-fail.stream.ts
[36mℹ[39m [4.8%] ✨ route schema generated: modules/stream/flow-fail.stream.ts
[36mℹ[39m [4.9%] ✨ route schema generated: modules/stream/stream-cancel.stream.ts
[36mℹ[39m [5.0%] ✨ route schema generated: modules/stream/stream-cancel.stream.ts
[36mℹ[39m [5.1%] ✨ route schema generated: modules/stream/stream-cancel.stream.ts
[36mℹ[39m [5.2%] ✨ route schema generated: modules/stream/stream-hello-world.stream.ts
[36mℹ[39m [5.3%] ✨ route schema generated: modules/stream/stream-hello-world.stream.ts
[36mℹ[39m [5.4%] ✨ route schema generated: modules/security/strict-params-off.action.ts
[36mℹ[39m [5.5%] ✨ route schema generated: modules/security/strict-params-off.action.ts
[36mℹ[39m [5.6%] ✨ route schema generated: modules/security/strict-params-off.action.ts
[36mℹ[39m [5.7%] ✨ route schema generated: modules/stream/stream-hello-world.stream.ts
[36mℹ[39m [5.8%] ✨ route schema generated: modules/security/strict-params.action.ts
[36mℹ[39m [5.9%] ✨ route schema generated: modules/security/strict-params.action.ts
[36mℹ[39m [6.0%] ✨ route schema generated: modules/lifecycle/hook-test.action.ts
[36mℹ[39m [6.1%] ✨ route schema generated: modules/security/strict-params.action.ts
[36mℹ[39m [6.2%] ✨ route schema generated: modules/lifecycle/hook-test.action.ts
[36mℹ[39m [6.3%] ✨ route schema generated: modules/lifecycle/hook-test.action.ts
[36mℹ[39m [4.4%] ✨ route schema generated: modules/internal/call-helper.action.ts
[36mℹ[39m [4.5%] ✨ route schema generated: modules/internal/call-helper.action.ts
[36mℹ[39m [4.6%] ✨ route schema generated: modules/internal/call-helper.action.ts
[36mℹ[39m [4.7%] ✨ route schema generated: modules/internal/$exports/helper.action.ts
[36mℹ[39m [4.8%] ✨ route schema generated: modules/internal/$exports/helper.action.ts
[36mℹ[39m [4.9%] ✨ route schema generated: modules/hello-world/binary-response.action.ts
[36mℹ[39m [5.0%] ✨ route schema generated: modules/internal/$exports/helper.action.ts
[36mℹ[39m [5.1%] ✨ route schema generated: modules/hello-world/binary-response.action.ts
[36mℹ[39m [5.2%] ✨ route schema generated: modules/hello-world/headers.action.ts
[36mℹ[39m [5.3%] ✨ route schema generated: modules/hello-world/binary-response.action.ts
[36mℹ[39m [5.4%] ✨ route schema generated: modules/hello-world/headers.action.ts
[36mℹ[39m [5.5%] ✨ route schema generated: modules/hello-world/headers.action.ts
[36mℹ[39m [5.6%] ✨ route schema generated: modules/hello-world/hello.action.ts
[36mℹ[39m [5.7%] ✨ route schema generated: modules/hello-world/hello.action.ts
[36mℹ[39m [5.8%] ✨ route schema generated: modules/hello-world/index.action.ts
[36mℹ[39m [5.9%] ✨ route schema generated: modules/hello-world/index.action.ts
[36mℹ[39m [6.0%] ✨ route schema generated: modules/event/trigger.action.ts
[36mℹ[39m [6.1%] ✨ route schema generated: modules/hello-world/index.action.ts
[36mℹ[39m [4.7%] ✨ route schema generated: modules/hello-world/hello.action.ts
[36mℹ[39m [4.8%] ✨ route schema generated: modules/event/trigger.action.ts
[36mℹ[39m [4.9%] ✨ route schema generated: modules/event/trigger.action.ts
[36mℹ[39m [5.0%] ✨ route schema generated: modules/cors/ping.action.ts
[36mℹ[39m [5.1%] ✨ route schema generated: modules/cors/ping.action.ts
[36mℹ[39m [5.2%] ✨ route schema generated: modules/cors/ping.action.ts
[36mℹ[39m [5.3%] ✨ route schema generated: modules/context/context.action.ts
[36mℹ[39m [5.4%] ✨ route schema generated: modules/config/get-config.action.ts
[36mℹ[39m [5.5%] ✨ route schema generated: modules/config/get-config.action.ts
[36mℹ[39m [5.6%] ✨ route schema generated: modules/context/context.action.ts
[36mℹ[39m [5.7%] ✨ route schema generated: modules/config/get-config.action.ts
[36mℹ[39m [5.8%] ✨ route schema generated: modules/context/context.action.ts
[36mℹ[39m [5.9%] ✨ route schema generated: modules/concurrency/counter.action.ts
[36mℹ[39m [6.0%] ✨ route schema generated: modules/concurrency/counter.action.ts
[36mℹ[39m [6.1%] ✨ route schema generated: modules/concurrency/delay.action.ts
[36mℹ[39m [6.2%] ✨ route schema generated: modules/concurrency/counter.action.ts
[36mℹ[39m [6.3%] ✨ route schema generated: modules/concurrency/delay.action.ts
[36mℹ[39m [6.4%] ✨ route schema generated: modules/benchmark/json.action.ts
[36mℹ[39m [6.5%] ✨ route schema generated: modules/benchmark/json.action.ts
[36mℹ[39m [6.6%] ✨ route schema generated: modules/concurrency/delay.action.ts
[36mℹ[39m [5.0%] ✨ route schema generated: modules/benchmark/json.action.ts
[36mℹ[39m [5.1%] ✨ route schema generated: modules/action/action-return-null.action.ts
[36mℹ[39m [5.2%] ✨ route schema generated: modules/action/action-return-null.action.ts
[36mℹ[39m [5.3%] ✨ route schema generated: modules/action/date-echo.action.ts
[36mℹ[39m [5.4%] ✨ route schema generated: modules/action/type-safety.action.ts
[36mℹ[39m [5.5%] ✨ route schema generated: modules/action/action-return-null.action.ts
[36mℹ[39m [5.6%] ✨ route schema generated: modules/action/date-echo.action.ts
[36mℹ[39m [5.7%] ✨ route schema generated: modules/action/date-echo.action.ts
[36mℹ[39m [5.8%] ✨ route schema generated: modules/action/type-safety.action.ts
[36mℹ[39m [5.9%] ✨ route schema generated: modules/action/type-safety.action.ts
[35m◐[39m [7.0%] cookbook building..
[35m◐[39m [10.8%] cookbook building..
[35m◐[39m [12.9%] cookbook building..
[35m◐[39m [15.0%] cookbook building..
[35m◐[39m [17.6%] cookbook building..
[35m◐[39m [20.4%] cookbook building..
[35m◐[39m [22.6%] cookbook building..
[35m◐[39m [25.2%] cookbook building..
[35m◐[39m [27.8%] cookbook building..
[35m◐[39m [29.5%] cookbook building..
[35m◐[39m [31.0%] cookbook building..
[35m◐[39m [32.9%] cookbook building..
[35m◐[39m [34.9%] cookbook building..
[35m◐[39m [36.9%] cookbook building..
[35m◐[39m [38.9%] cookbook building..
[35m◐[39m [41.2%] cookbook building..
[36mℹ[39m [41.4%] ✨ typia done: modules/index.action.ts
[36mℹ[39m [41.5%] ✨ typia done: modules/typia/hello.action.ts
[36mℹ[39m [42.0%] ✨ typia done: modules/typia/index.action.ts
[36mℹ[39m [42.2%] ✨ typia done: modules/typia/index.action.ts
[36mℹ[39m [42.4%] ✨ typia done: modules/typia/hello.action.ts
[36mℹ[39m [42.5%] ✨ typia done: modules/typia/hello.action.ts
[36mℹ[39m [43.0%] ✨ typia done: modules/index.action.ts
[36mℹ[39m [43.1%] ✨ typia done: modules/typia/index.action.ts
[35m◐[39m [43.2%] cookbook building..
[36mℹ[39m [43.6%] ✨ typia done: modules/index.action.ts
[35m◐[39m [45.1%] cookbook building..
[35m◐[39m [46.4%] cookbook building..
[35m◐[39m [48.1%] cookbook building..
[35m◐[39m [49.8%] cookbook building..
[35m◐[39m [51.4%] cookbook building..
[35m◐[39m [52.9%] cookbook building..
[35m◐[39m [54.8%] cookbook building..
[35m◐[39m [55.6%] cookbook building..
[35m◐[39m [56.5%] cookbook building..
[35m◐[39m [58.0%] cookbook building..
[35m◐[39m [59.3%] cookbook building..
[35m◐[39m [60.5%] cookbook building..
[35m◐[39m [61.9%] cookbook building..
[35m◐[39m [63.2%] cookbook building..
[36mℹ[39m [63.3%] ✨ typia done: modules/stream/check-cancel-state.action.ts
[36mℹ[39m [63.4%] ✨ typia done: modules/stream/flow-fail.stream.ts
[36mℹ[39m [63.5%] ✨ typia done: modules/stream/check-cancel-state.action.ts
[36mℹ[39m [64.3%] ✨ typia done: modules/stream/flow-success.stream.ts
[36mℹ[39m [64.4%] ✨ typia done: modules/stream/flow-success.stream.ts
[35m◐[39m [64.5%] cookbook building..
[36mℹ[39m [64.7%] ✨ typia done: modules/stream/flow-fail.stream.ts
[36mℹ[39m [64.8%] ✨ typia done: modules/stream/flow-fail.stream.ts
[36mℹ[39m [65.2%] ✨ typia done: modules/stream/check-cancel-state.action.ts
[35m◐[39m [65.6%] cookbook building..
[36mℹ[39m [66.5%] ✨ typia done: modules/stream/flow-success.stream.ts
[35m◐[39m [66.9%] cookbook building..
[35m◐[39m [68.2%] cookbook building..
[35m◐[39m [69.1%] cookbook building..
[35m◐[39m [70.0%] cookbook building..
[35m◐[39m [71.0%] cookbook building..
[35m◐[39m [72.1%] cookbook building..
[35m◐[39m [73.0%] cookbook building..
[35m◐[39m [73.9%] cookbook building..
[35m◐[39m [74.7%] cookbook building..
[35m◐[39m [75.4%] cookbook building..
[35m◐[39m [76.2%] cookbook building..
[35m◐[39m [77.1%] cookbook building..
[36mℹ[39m [77.3%] ✨ typia done: modules/stream/stream-hello-world.stream.ts
[35m◐[39m [77.8%] cookbook building..
[36mℹ[39m [77.9%] ✨ typia done: modules/security/strict-params-off.action.ts
[36mℹ[39m [78.2%] ✨ typia done: modules/stream/stream-hello-world.stream.ts
[36mℹ[39m [78.2%] ✨ typia done: modules/security/strict-params-off.action.ts
[36mℹ[39m [78.3%] ✨ typia done: modules/stream/stream-cancel.stream.ts
[35m◐[39m [78.6%] cookbook building..
[36mℹ[39m [78.7%] ✨ typia done: modules/stream/stream-cancel.stream.ts
[36mℹ[39m [78.8%] ✨ typia done: modules/stream/stream-cancel.stream.ts
[36mℹ[39m [78.9%] ✨ typia done: modules/stream/stream-hello-world.stream.ts
[35m◐[39m [79.0%] cookbook building..
[36mℹ[39m [79.6%] ✨ typia done: modules/security/strict-params-off.action.ts
[35m◐[39m [79.7%] cookbook building..
[35m◐[39m [80.3%] cookbook building..
[35m◐[39m [81.1%] cookbook building..
[35m◐[39m [81.9%] cookbook building..
[35m◐[39m [82.5%] cookbook building..
[35m◐[39m [83.1%] cookbook building..
[35m◐[39m [83.7%] cookbook building..
[35m◐[39m [84.2%] cookbook building..
[35m◐[39m [84.9%] cookbook building..
[35m◐[39m [85.4%] cookbook building..
[36mℹ[39m [85.5%] ✨ typia done: modules/security/strict-params.action.ts
[35m◐[39m [86.0%] cookbook building..
[35m◐[39m [86.3%] cookbook building..
[35m◐[39m [86.6%] cookbook building..
[36mℹ[39m [86.9%] ✨ typia done: modules/security/strict-params.action.ts
[36mℹ[39m [87.0%] ✨ typia done: modules/lifecycle/hook-test.action.ts
[36mℹ[39m [87.1%] ✨ typia done: modules/lifecycle/hook-test.action.ts
[35m◐[39m [87.1%] cookbook building..
[36mℹ[39m [87.4%] ✨ typia done: modules/internal/call-helper.action.ts
[35m◐[39m [87.5%] cookbook building..
[36mℹ[39m [87.6%] ✨ typia done: modules/lifecycle/hook-test.action.ts
[36mℹ[39m [87.7%] ✨ typia done: modules/security/strict-params.action.ts
[36mℹ[39m [87.7%] ✨ typia done: modules/internal/call-helper.action.ts
[36mℹ[39m [87.8%] ✨ typia done: modules/internal/call-helper.action.ts
[35m◐[39m [87.8%] cookbook building..
[35m◐[39m [88.0%] cookbook building..
[35m◐[39m [88.3%] cookbook building..
[35m◐[39m [88.7%] cookbook building..
[35m◐[39m [89.2%] cookbook building..
[35m◐[39m [89.5%] cookbook building..
[35m◐[39m [89.8%] cookbook building..
[35m◐[39m [90.1%] cookbook building..
[35m◐[39m [90.3%] cookbook building..
[35m◐[39m [90.6%] cookbook building..
[35m◐[39m [90.9%] cookbook building..
[36mℹ[39m [91.1%] ✨ typia done: modules/internal/$exports/helper.action.ts
[35m◐[39m [91.2%] cookbook building..
[36mℹ[39m [91.3%] ✨ typia done: modules/internal/$exports/helper.action.ts
[36mℹ[39m [91.4%] ✨ typia done: modules/hello-world/binary-response.action.ts
[36mℹ[39m [91.5%] ✨ typia done: modules/hello-world/binary-response.action.ts
[36mℹ[39m [91.6%] ✨ typia done: modules/hello-world/headers.action.ts
[35m◐[39m [91.6%] cookbook building..
[35m◐[39m [91.9%] cookbook building..
[35m◐[39m [92.2%] cookbook building..
[36mℹ[39m [92.3%] ✨ typia done: modules/hello-world/binary-response.action.ts
[35m◐[39m [92.5%] cookbook building..
[36mℹ[39m [92.6%] ✨ typia done: modules/internal/$exports/helper.action.ts
[36mℹ[39m [92.6%] ✨ typia done: modules/hello-world/headers.action.ts
[36mℹ[39m [92.7%] ✨ typia done: modules/hello-world/headers.action.ts
[35m◐[39m [92.8%] cookbook building..
[35m◐[39m [93.0%] cookbook building..
[35m◐[39m [93.3%] cookbook building..
[35m◐[39m [93.5%] cookbook building..
[35m◐[39m [93.6%] cookbook building..
[35m◐[39m [93.8%] cookbook building..
[35m◐[39m [94.1%] cookbook building..
[35m◐[39m [94.3%] cookbook building..
[35m◐[39m [94.5%] cookbook building..
[36mℹ[39m [94.6%] ✨ typia done: modules/hello-world/index.action.ts
[36mℹ[39m [94.7%] ✨ typia done: modules/event/trigger.action.ts
[35m◐[39m [94.6%] cookbook building..
[36mℹ[39m [94.7%] ✨ typia done: modules/hello-world/hello.action.ts
[36mℹ[39m [94.8%] ✨ typia done: modules/hello-world/index.action.ts
[36mℹ[39m [94.8%] ✨ typia done: modules/hello-world/hello.action.ts
[35m◐[39m [94.8%] cookbook building..
[35m◐[39m [95.0%] cookbook building..
[35m◐[39m [95.1%] cookbook building..
[36mℹ[39m [95.2%] ✨ typia done: modules/event/trigger.action.ts
[36mℹ[39m [95.2%] ✨ typia done: modules/hello-world/hello.action.ts
[36mℹ[39m [95.3%] ✨ typia done: modules/event/trigger.action.ts
[35m◐[39m [95.3%] cookbook building..
[36mℹ[39m [95.4%] ✨ typia done: modules/hello-world/index.action.ts
[35m◐[39m [95.5%] cookbook building..
[35m◐[39m [95.7%] cookbook building..
[35m◐[39m [95.8%] cookbook building..
[35m◐[39m [96.0%] cookbook building..
[35m◐[39m [96.1%] cookbook building..
[35m◐[39m [96.2%] cookbook building..
[35m◐[39m [96.3%] cookbook building..
[35m◐[39m [96.4%] cookbook building..
[36mℹ[39m [96.5%] ✨ typia done: modules/cors/ping.action.ts
[35m◐[39m [96.6%] cookbook building..
[36mℹ[39m [96.6%] ✨ typia done: modules/cors/ping.action.ts
[36mℹ[39m [96.7%] ✨ typia done: modules/context/context.action.ts
[35m◐[39m [96.6%] cookbook building..
[36mℹ[39m [96.7%] ✨ typia done: modules/config/get-config.action.ts
[35m◐[39m [96.7%] cookbook building..
[36mℹ[39m [96.8%] ✨ typia done: modules/context/context.action.ts
[35m◐[39m [96.8%] cookbook building..
[35m◐[39m [96.9%] cookbook building..
[36mℹ[39m [97.0%] ✨ typia done: modules/cors/ping.action.ts
[36mℹ[39m [97.1%] ✨ typia done: modules/config/get-config.action.ts
[36mℹ[39m [97.0%] ✨ typia done: modules/config/get-config.action.ts
[36mℹ[39m [97.0%] ✨ typia done: modules/context/context.action.ts
[35m◐[39m [97.1%] cookbook building..
[35m◐[39m [97.2%] cookbook building..
[35m◐[39m [97.2%] cookbook building..
[35m◐[39m [97.4%] cookbook building..
[35m◐[39m [97.5%] cookbook building..
[35m◐[39m [97.5%] cookbook building..
[35m◐[39m [97.6%] cookbook building..
[36mℹ[39m [97.6%] ✨ typia done: modules/concurrency/counter.action.ts
[35m◐[39m [97.7%] cookbook building..
[35m◐[39m [97.8%] cookbook building..
[35m◐[39m [97.9%] cookbook building..
[36mℹ[39m [97.9%] ✨ typia done: modules/concurrency/delay.action.ts
[35m◐[39m [97.9%] cookbook building..
[36mℹ[39m [98.0%] ✨ typia done: modules/concurrency/counter.action.ts
[36mℹ[39m [98.0%] ✨ typia done: modules/benchmark/json.action.ts
[35m◐[39m [98.0%] cookbook building..
[36mℹ[39m [98.1%] ✨ typia done: modules/concurrency/delay.action.ts
[35m◐[39m [98.1%] cookbook building..
[36mℹ[39m [98.1%] ✨ typia done: modules/concurrency/delay.action.ts
[35m◐[39m [98.2%] cookbook building..
[36mℹ[39m [98.2%] ✨ typia done: modules/benchmark/json.action.ts
[36mℹ[39m [98.3%] ✨ typia done: modules/concurrency/counter.action.ts
[36mℹ[39m [98.2%] ✨ typia done: modules/benchmark/json.action.ts
[35m◐[39m [98.2%] cookbook building..
[35m◐[39m [98.3%] cookbook building..
[35m◐[39m [98.4%] cookbook building..
[35m◐[39m [98.4%] cookbook building..
[35m◐[39m [98.5%] cookbook building..
[36mℹ[39m [98.6%] ✨ typia done: modules/action/action-return-null.action.ts
[35m◐[39m [98.5%] cookbook building..
[35m◐[39m [98.6%] cookbook building..
[35m◐[39m [98.6%] cookbook building..
[35m◐[39m [98.7%] cookbook building..
[36mℹ[39m [98.7%] ✨ typia done: modules/action/action-return-null.action.ts
[35m◐[39m [98.7%] cookbook building..
[36mℹ[39m [98.8%] ✨ typia done: modules/action/type-safety.action.ts
[36mℹ[39m [98.8%] ✨ typia done: modules/action/date-echo.action.ts
[35m◐[39m [98.8%] cookbook building..
[36mℹ[39m [98.8%] ✨ typia done: modules/action/date-echo.action.ts
[35m◐[39m [98.8%] cookbook building..
[35m◐[39m [98.9%] cookbook building..
[36mℹ[39m [99.0%] ✨ typia done: modules/action/type-safety.action.ts
[36mℹ[39m [98.9%] ✨ typia done: modules/action/type-safety.action.ts
[36mℹ[39m [99.0%] ✨ typia done: modules/action/date-echo.action.ts
[36mℹ[39m [98.9%] ✨ typia done: modules/action/action-return-null.action.ts
[35m◐[39m [98.9%] cookbook building..
[35m◐[39m [98.9%] cookbook building..
[35m◐[39m [99.0%] cookbook building..
[35m◐[39m [99.0%] cookbook building..
[35m◐[39m [99.1%] cookbook building..
[35m◐[39m [99.1%] cookbook building..
[35m◐[39m [99.1%] cookbook building..
[35m◐[39m [99.2%] cookbook building..
[35m◐[39m [99.2%] cookbook building..
[35m◐[39m [99.2%] cookbook building..
[35m◐[39m [99.2%] cookbook building..
[32m✔[39m Cookbook builded!
