[36mℹ[39m Mode: test
[35m◐[39m [0.0%] cookbook building..
[36mℹ[39m [3.0%] ✨ route schema generated: modules/typia/hello.action.ts
[36mℹ[39m [3.1%] ✨ route schema generated: modules/typia/index.action.ts
[36mℹ[39m [3.2%] ✨ route schema generated: modules/typia/index.action.ts
[36mℹ[39m [3.3%] ✨ route schema generated: modules/typia/hello.action.ts
[36mℹ[39m [3.4%] ✨ route schema generated: modules/mode/read.action.ts
[36mℹ[39m [3.5%] ✨ route schema generated: modules/index.action.ts
[36mℹ[39m [3.6%] ✨ route schema generated: modules/index.action.ts
[36mℹ[39m [3.7%] ✨ route schema generated: modules/typia/index.action.ts
[36mℹ[39m [3.8%] ✨ route schema generated: modules/index.action.ts
[36mℹ[39m [3.9%] ✨ route schema generated: modules/typia/hello.action.ts
[36mℹ[39m [3.4%] ✨ route schema generated: modules/stream/check-cancel-state.action.ts
[36mℹ[39m [3.5%] ✨ route schema generated: modules/stream/check-cancel-state.action.ts
[36mℹ[39m [3.6%] ✨ route schema generated: modules/stream/flow-fail.stream.ts
[36mℹ[39m [3.7%] ✨ route schema generated: modules/stream/flow-fail.stream.ts
[36mℹ[39m [3.8%] ✨ route schema generated: modules/stream/flow-success.stream.ts
[36mℹ[39m [3.9%] ✨ route schema generated: modules/stream/flow-fail.stream.ts
[36mℹ[39m [4.0%] ✨ route schema generated: modules/stream/flow-success.stream.ts
[36mℹ[39m [4.1%] ✨ route schema generated: modules/stream/check-cancel-state.action.ts
[36mℹ[39m [4.2%] ✨ route schema generated: modules/stream/flow-success.stream.ts
[36mℹ[39m [4.3%] ✨ route schema generated: modules/stream/stream-cancel.stream.ts
[36mℹ[39m [4.4%] ✨ route schema generated: modules/stream/stream-cancel.stream.ts
[36mℹ[39m [4.5%] ✨ route schema generated: modules/stream/stream-cancel.stream.ts
[36mℹ[39m [4.6%] ✨ route schema generated: modules/stream/stream-hello-world.stream.ts
[36mℹ[39m [4.7%] ✨ route schema generated: modules/security/strict-params-off.action.ts
[36mℹ[39m [4.8%] ✨ route schema generated: modules/stream/stream-hello-world.stream.ts
[36mℹ[39m [4.9%] ✨ route schema generated: modules/security/strict-params-off.action.ts
[36mℹ[39m [5.0%] ✨ route schema generated: modules/stream/stream-hello-world.stream.ts
[36mℹ[39m [3.7%] ✨ route schema generated: modules/security/strict-params-off.action.ts
[36mℹ[39m [3.8%] ✨ route schema generated: modules/security/strict-params.action.ts
[36mℹ[39m [3.9%] ✨ route schema generated: modules/security/strict-params.action.ts
[36mℹ[39m [4.0%] ✨ route schema generated: modules/security/strict-params.action.ts
[36mℹ[39m [4.1%] ✨ route schema generated: modules/internal/call-helper.action.ts
[36mℹ[39m [4.2%] ✨ route schema generated: modules/lifecycle/hook-test.action.ts
[36mℹ[39m [4.3%] ✨ route schema generated: modules/lifecycle/hook-test.action.ts
[36mℹ[39m [4.4%] ✨ route schema generated: modules/lifecycle/hook-test.action.ts
[36mℹ[39m [4.5%] ✨ route schema generated: modules/internal/call-helper.action.ts
[36mℹ[39m [4.6%] ✨ route schema generated: modules/internal/call-helper.action.ts
[36mℹ[39m [4.7%] ✨ route schema generated: modules/internal/$exports/helper.action.ts
[36mℹ[39m [4.8%] ✨ route schema generated: modules/internal/$exports/helper.action.ts
[36mℹ[39m [4.9%] ✨ route schema generated: modules/internal/$exports/helper.action.ts
[36mℹ[39m [5.0%] ✨ route schema generated: modules/hello-world/binary-response.action.ts
[36mℹ[39m [5.1%] ✨ route schema generated: modules/hello-world/headers.action.ts
[36mℹ[39m [5.2%] ✨ route schema generated: modules/hello-world/binary-response.action.ts
[36mℹ[39m [5.3%] ✨ route schema generated: modules/hello-world/binary-response.action.ts
[36mℹ[39m [4.0%] ✨ route schema generated: modules/hello-world/headers.action.ts
[36mℹ[39m [4.1%] ✨ route schema generated: modules/hello-world/headers.action.ts
[36mℹ[39m [4.2%] ✨ route schema generated: modules/hello-world/hello.action.ts
[36mℹ[39m [4.3%] ✨ route schema generated: modules/hello-world/hello.action.ts
[36mℹ[39m [4.4%] ✨ route schema generated: modules/hello-world/index.action.ts
[36mℹ[39m [4.5%] ✨ route schema generated: modules/hello-world/index.action.ts
[36mℹ[39m [4.6%] ✨ route schema generated: modules/event/trigger.action.ts
[36mℹ[39m [4.7%] ✨ route schema generated: modules/hello-world/hello.action.ts
[36mℹ[39m [4.8%] ✨ route schema generated: modules/hello-world/index.action.ts
[36mℹ[39m [4.9%] ✨ route schema generated: modules/cors/ping.action.ts
[36mℹ[39m [5.0%] ✨ route schema generated: modules/cors/ping.action.ts
[36mℹ[39m [5.1%] ✨ route schema generated: modules/event/trigger.action.ts
[35m◐[39m [5.2%] cookbook building..
[36mℹ[39m [5.3%] ✨ route schema generated: modules/event/trigger.action.ts
[36mℹ[39m [4.4%] ✨ route schema generated: modules/context/context.action.ts
[36mℹ[39m [4.5%] ✨ route schema generated: modules/context/context.action.ts
[36mℹ[39m [4.6%] ✨ route schema generated: modules/config/get-config.action.ts
[36mℹ[39m [4.7%] ✨ route schema generated: modules/cors/ping.action.ts
[36mℹ[39m [4.8%] ✨ route schema generated: modules/context/context.action.ts
[36mℹ[39m [4.9%] ✨ route schema generated: modules/concurrency/counter.action.ts
[36mℹ[39m [5.0%] ✨ route schema generated: modules/config/get-config.action.ts
[36mℹ[39m [5.1%] ✨ route schema generated: modules/config/get-config.action.ts
[36mℹ[39m [5.2%] ✨ route schema generated: modules/concurrency/delay.action.ts
[36mℹ[39m [5.3%] ✨ route schema generated: modules/concurrency/counter.action.ts
[36mℹ[39m [5.4%] ✨ route schema generated: modules/benchmark/json.action.ts
[36mℹ[39m [5.5%] ✨ route schema generated: modules/concurrency/counter.action.ts
[36mℹ[39m [5.6%] ✨ route schema generated: modules/concurrency/delay.action.ts
[36mℹ[39m [5.7%] ✨ route schema generated: modules/concurrency/delay.action.ts
[36mℹ[39m [5.8%] ✨ route schema generated: modules/benchmark/json.action.ts
[36mℹ[39m [5.9%] ✨ route schema generated: modules/action/action-return-null.action.ts
[36mℹ[39m [4.7%] ✨ route schema generated: modules/benchmark/json.action.ts
[36mℹ[39m [4.8%] ✨ route schema generated: modules/action/date-echo.action.ts
[36mℹ[39m [4.9%] ✨ route schema generated: modules/action/type-safety.action.ts
[36mℹ[39m [5.0%] ✨ route schema generated: modules/action/action-return-null.action.ts
[36mℹ[39m [5.1%] ✨ route schema generated: modules/action/action-return-null.action.ts
[36mℹ[39m [5.2%] ✨ route schema generated: modules/action/date-echo.action.ts
[36mℹ[39m [5.3%] ✨ route schema generated: modules/action/type-safety.action.ts
[36mℹ[39m [5.4%] ✨ route schema generated: modules/action/date-echo.action.ts
[36mℹ[39m [5.5%] ✨ route schema generated: modules/action/type-safety.action.ts
[35m◐[39m [7.0%] cookbook building..
[35m◐[39m [10.2%] cookbook building..
[35m◐[39m [11.7%] cookbook building..
[35m◐[39m [14.1%] cookbook building..
[35m◐[39m [16.8%] cookbook building..
[35m◐[39m [19.3%] cookbook building..
[35m◐[39m [22.3%] cookbook building..
[35m◐[39m [25.5%] cookbook building..
[35m◐[39m [28.0%] cookbook building..
[35m◐[39m [30.7%] cookbook building..
[35m◐[39m [31.5%] cookbook building..
[35m◐[39m [32.6%] cookbook building..
[35m◐[39m [34.0%] cookbook building..
[35m◐[39m [35.8%] cookbook building..
[35m◐[39m [38.0%] cookbook building..
[36mℹ[39m [39.3%] ✨ typia done: modules/index.action.ts
[35m◐[39m [39.9%] cookbook building..
[36mℹ[39m [40.5%] ✨ typia done: modules/mode/read.action.ts
[36mℹ[39m [40.6%] ✨ typia done: modules/typia/index.action.ts
[36mℹ[39m [40.7%] ✨ typia done: modules/typia/hello.action.ts
[36mℹ[39m [40.8%] ✨ typia done: modules/index.action.ts
[36mℹ[39m [41.0%] ✨ typia done: modules/typia/index.action.ts
[36mℹ[39m [41.2%] ✨ typia done: modules/typia/hello.action.ts
[35m◐[39m [41.3%] cookbook building..
[36mℹ[39m [41.6%] ✨ typia done: modules/index.action.ts
[36mℹ[39m [41.7%] ✨ typia done: modules/typia/hello.action.ts
[36mℹ[39m [41.8%] ✨ typia done: modules/typia/index.action.ts
[35m◐[39m [42.6%] cookbook building..
[35m◐[39m [44.5%] cookbook building..
[35m◐[39m [47.0%] cookbook building..
[35m◐[39m [48.4%] cookbook building..
[35m◐[39m [49.1%] cookbook building..
[35m◐[39m [51.0%] cookbook building..
[35m◐[39m [53.2%] cookbook building..
[35m◐[39m [54.8%] cookbook building..
[35m◐[39m [55.7%] cookbook building..
[35m◐[39m [57.2%] cookbook building..
[35m◐[39m [58.4%] cookbook building..
[35m◐[39m [59.5%] cookbook building..
[35m◐[39m [60.8%] cookbook building..
[35m◐[39m [62.3%] cookbook building..
[36mℹ[39m [63.5%] ✨ typia done: modules/stream/check-cancel-state.action.ts
[35m◐[39m [63.9%] cookbook building..
[36mℹ[39m [64.0%] ✨ typia done: modules/stream/flow-fail.stream.ts
[36mℹ[39m [64.2%] ✨ typia done: modules/stream/check-cancel-state.action.ts
[36mℹ[39m [64.3%] ✨ typia done: modules/stream/flow-fail.stream.ts
[36mℹ[39m [64.3%] ✨ typia done: modules/stream/flow-success.stream.ts
[36mℹ[39m [64.4%] ✨ typia done: modules/stream/flow-success.stream.ts
[36mℹ[39m [64.8%] ✨ typia done: modules/stream/check-cancel-state.action.ts
[36mℹ[39m [65.0%] ✨ typia done: modules/stream/flow-success.stream.ts
[36mℹ[39m [65.1%] ✨ typia done: modules/stream/flow-fail.stream.ts
[35m◐[39m [65.2%] cookbook building..
[35m◐[39m [66.6%] cookbook building..
[35m◐[39m [67.3%] cookbook building..
[35m◐[39m [68.3%] cookbook building..
[35m◐[39m [69.7%] cookbook building..
[35m◐[39m [70.9%] cookbook building..
[35m◐[39m [72.1%] cookbook building..
[35m◐[39m [72.8%] cookbook building..
[35m◐[39m [73.7%] cookbook building..
[35m◐[39m [74.6%] cookbook building..
[35m◐[39m [75.5%] cookbook building..
[35m◐[39m [76.5%] cookbook building..
[36mℹ[39m [76.6%] ✨ typia done: modules/stream/stream-cancel.stream.ts
[35m◐[39m [77.3%] cookbook building..
[35m◐[39m [78.2%] cookbook building..
[36mℹ[39m [78.9%] ✨ typia done: modules/security/strict-params-off.action.ts
[36mℹ[39m [79.0%] ✨ typia done: modules/stream/stream-hello-world.stream.ts
[35m◐[39m [79.1%] cookbook building..
[36mℹ[39m [79.1%] ✨ typia done: modules/stream/stream-hello-world.stream.ts
[36mℹ[39m [79.2%] ✨ typia done: modules/stream/stream-cancel.stream.ts
[36mℹ[39m [79.3%] ✨ typia done: modules/stream/stream-cancel.stream.ts
[36mℹ[39m [79.4%] ✨ typia done: modules/security/strict-params-off.action.ts
[36mℹ[39m [79.6%] ✨ typia done: modules/security/strict-params-off.action.ts
[36mℹ[39m [79.7%] ✨ typia done: modules/stream/stream-hello-world.stream.ts
[35m◐[39m [79.8%] cookbook building..
[35m◐[39m [80.6%] cookbook building..
[35m◐[39m [81.1%] cookbook building..
[35m◐[39m [81.6%] cookbook building..
[35m◐[39m [82.1%] cookbook building..
[35m◐[39m [82.8%] cookbook building..
[35m◐[39m [83.5%] cookbook building..
[35m◐[39m [84.1%] cookbook building..
[35m◐[39m [84.6%] cookbook building..
[35m◐[39m [85.0%] cookbook building..
[35m◐[39m [85.4%] cookbook building..
[35m◐[39m [85.9%] cookbook building..
[36mℹ[39m [86.2%] ✨ typia done: modules/security/strict-params.action.ts
[35m◐[39m [86.4%] cookbook building..
[35m◐[39m [86.8%] cookbook building..
[35m◐[39m [87.2%] cookbook building..
[36mℹ[39m [87.3%] ✨ typia done: modules/lifecycle/hook-test.action.ts
[36mℹ[39m [87.4%] ✨ typia done: modules/security/strict-params.action.ts
[36mℹ[39m [87.6%] ✨ typia done: modules/internal/call-helper.action.ts
[35m◐[39m [87.7%] cookbook building..
[36mℹ[39m [87.7%] ✨ typia done: modules/security/strict-params.action.ts
[36mℹ[39m [87.8%] ✨ typia done: modules/lifecycle/hook-test.action.ts
[36mℹ[39m [87.8%] ✨ typia done: modules/internal/call-helper.action.ts
[35m◐[39m [87.9%] cookbook building..
[36mℹ[39m [88.0%] ✨ typia done: modules/internal/call-helper.action.ts
[36mℹ[39m [88.0%] ✨ typia done: modules/lifecycle/hook-test.action.ts
[35m◐[39m [88.3%] cookbook building..
[35m◐[39m [88.7%] cookbook building..
[35m◐[39m [89.0%] cookbook building..
[35m◐[39m [89.4%] cookbook building..
[35m◐[39m [89.7%] cookbook building..
[35m◐[39m [90.1%] cookbook building..
[35m◐[39m [90.4%] cookbook building..
[35m◐[39m [90.7%] cookbook building..
[35m◐[39m [91.0%] cookbook building..
[36mℹ[39m [91.1%] ✨ typia done: modules/internal/$exports/helper.action.ts
[35m◐[39m [91.3%] cookbook building..
[35m◐[39m [91.5%] cookbook building..
[35m◐[39m [91.8%] cookbook building..
[35m◐[39m [92.0%] cookbook building..
[36mℹ[39m [92.1%] ✨ typia done: modules/hello-world/binary-response.action.ts
[36mℹ[39m [92.1%] ✨ typia done: modules/hello-world/binary-response.action.ts
[36mℹ[39m [92.2%] ✨ typia done: modules/internal/$exports/helper.action.ts
[35m◐[39m [92.3%] cookbook building..
[36mℹ[39m [92.5%] ✨ typia done: modules/hello-world/headers.action.ts
[35m◐[39m [92.5%] cookbook building..
[36mℹ[39m [92.6%] ✨ typia done: modules/hello-world/headers.action.ts
[36mℹ[39m [92.7%] ✨ typia done: modules/hello-world/binary-response.action.ts
[36mℹ[39m [92.7%] ✨ typia done: modules/hello-world/headers.action.ts
[35m◐[39m [92.8%] cookbook building..
[36mℹ[39m [92.9%] ✨ typia done: modules/internal/$exports/helper.action.ts
[35m◐[39m [92.9%] cookbook building..
[35m◐[39m [93.1%] cookbook building..
[35m◐[39m [93.4%] cookbook building..
[35m◐[39m [93.7%] cookbook building..
[35m◐[39m [93.9%] cookbook building..
[35m◐[39m [94.1%] cookbook building..
[36mℹ[39m [94.2%] ✨ typia done: modules/hello-world/hello.action.ts
[35m◐[39m [94.4%] cookbook building..
[35m◐[39m [94.5%] cookbook building..
[35m◐[39m [94.5%] cookbook building..
[36mℹ[39m [94.8%] ✨ typia done: modules/hello-world/index.action.ts
[35m◐[39m [94.9%] cookbook building..
[36mℹ[39m [94.8%] ✨ typia done: modules/hello-world/index.action.ts
[36mℹ[39m [94.8%] ✨ typia done: modules/hello-world/hello.action.ts
[35m◐[39m [95.0%] cookbook building..
[35m◐[39m [95.1%] cookbook building..
[36mℹ[39m [95.3%] ✨ typia done: modules/event/trigger.action.ts
[35m◐[39m [95.3%] cookbook building..
[36mℹ[39m [95.4%] ✨ typia done: modules/event/trigger.action.ts
[35m◐[39m [95.4%] cookbook building..
[36mℹ[39m [95.5%] ✨ typia done: modules/hello-world/index.action.ts
[36mℹ[39m [95.5%] ✨ typia done: modules/hello-world/hello.action.ts
[35m◐[39m [95.6%] cookbook building..
[36mℹ[39m [95.6%] ✨ typia done: modules/event/trigger.action.ts
[35m◐[39m [95.8%] cookbook building..
[35m◐[39m [95.9%] cookbook building..
[35m◐[39m [96.0%] cookbook building..
[35m◐[39m [96.2%] cookbook building..
[35m◐[39m [96.3%] cookbook building..
[36mℹ[39m [96.4%] ✨ typia done: modules/cors/ping.action.ts
[35m◐[39m [96.5%] cookbook building..
[35m◐[39m [96.6%] cookbook building..
[35m◐[39m [96.7%] cookbook building..
[35m◐[39m [96.8%] cookbook building..
[36mℹ[39m [96.8%] ✨ typia done: modules/cors/ping.action.ts
[36mℹ[39m [96.8%] ✨ typia done: modules/context/context.action.ts
[35m◐[39m [96.9%] cookbook building..
[36mℹ[39m [96.9%] ✨ typia done: modules/context/context.action.ts
[36mℹ[39m [97.0%] ✨ typia done: modules/config/get-config.action.ts
[35m◐[39m [97.0%] cookbook building..
[36mℹ[39m [97.0%] ✨ typia done: modules/config/get-config.action.ts
[36mℹ[39m [97.1%] ✨ typia done: modules/context/context.action.ts
[35m◐[39m [97.1%] cookbook building..
[36mℹ[39m [97.1%] ✨ typia done: modules/cors/ping.action.ts
[35m◐[39m [97.2%] cookbook building..
[36mℹ[39m [97.2%] ✨ typia done: modules/config/get-config.action.ts
[35m◐[39m [97.3%] cookbook building..
[35m◐[39m [97.4%] cookbook building..
[35m◐[39m [97.5%] cookbook building..
[35m◐[39m [97.6%] cookbook building..
[35m◐[39m [97.7%] cookbook building..
[36mℹ[39m [97.7%] ✨ typia done: modules/concurrency/counter.action.ts
[35m◐[39m [97.8%] cookbook building..
[35m◐[39m [97.8%] cookbook building..
[35m◐[39m [97.9%] cookbook building..
[35m◐[39m [98.0%] cookbook building..
[36mℹ[39m [98.0%] ✨ typia done: modules/concurrency/counter.action.ts
[36mℹ[39m [98.1%] ✨ typia done: modules/concurrency/delay.action.ts
[35m◐[39m [98.2%] cookbook building..
[35m◐[39m [98.1%] cookbook building..
[36mℹ[39m [98.1%] ✨ typia done: modules/benchmark/json.action.ts
[35m◐[39m [98.2%] cookbook building..
[36mℹ[39m [98.2%] ✨ typia done: modules/concurrency/delay.action.ts
[36mℹ[39m [98.3%] ✨ typia done: modules/benchmark/json.action.ts
[36mℹ[39m [98.2%] ✨ typia done: modules/concurrency/counter.action.ts
[35m◐[39m [98.2%] cookbook building..
[36mℹ[39m [98.3%] ✨ typia done: modules/benchmark/json.action.ts
[36mℹ[39m [98.3%] ✨ typia done: modules/concurrency/delay.action.ts
[35m◐[39m [98.3%] cookbook building..
[35m◐[39m [98.4%] cookbook building..
[35m◐[39m [98.4%] cookbook building..
[35m◐[39m [98.5%] cookbook building..
[35m◐[39m [98.5%] cookbook building..
[36mℹ[39m [98.5%] ✨ typia done: modules/action/action-return-null.action.ts
[35m◐[39m [98.6%] cookbook building..
[35m◐[39m [98.6%] cookbook building..
[35m◐[39m [98.7%] cookbook building..
[36mℹ[39m [98.7%] ✨ typia done: modules/action/action-return-null.action.ts
[35m◐[39m [98.7%] cookbook building..
[36mℹ[39m [98.7%] ✨ typia done: modules/action/date-echo.action.ts
[35m◐[39m [98.8%] cookbook building..
[36mℹ[39m [98.8%] ✨ typia done: modules/action/type-safety.action.ts
[35m◐[39m [98.8%] cookbook building..
[36mℹ[39m [98.8%] ✨ typia done: modules/action/type-safety.action.ts
[36mℹ[39m [98.8%] ✨ typia done: modules/action/date-echo.action.ts
[35m◐[39m [98.9%] cookbook building..
[36mℹ[39m [98.9%] ✨ typia done: modules/action/action-return-null.action.ts
[36mℹ[39m [99.0%] ✨ typia done: modules/action/date-echo.action.ts
[36mℹ[39m [98.9%] ✨ typia done: modules/action/type-safety.action.ts
[35m◐[39m [98.9%] cookbook building..
[35m◐[39m [99.0%] cookbook building..
[35m◐[39m [99.0%] cookbook building..
[35m◐[39m [99.0%] cookbook building..
[35m◐[39m [99.1%] cookbook building..
[35m◐[39m [99.1%] cookbook building..
[35m◐[39m [99.1%] cookbook building..
[35m◐[39m [99.2%] cookbook building..
[35m◐[39m [99.2%] cookbook building.. (repeated 2 times)
[32m✔[39m Cookbook builded!
