$ bun run .prepare.ts && bun run ./packages/cookbook/cookbook.ts generate
copy: projects\test\app -> projects\test-bun\app
copy: projects\test\app -> projects\test-deno\app
built vite-plugin-milkio as JavaScript
step 6: ttsc check 4 milkio project(s)..
Type check failed for project "test-deno" (exit code 2):
app/contexts/index.context.ts:3:30 - error TS2307: Cannot find module '../../.milkio/drizzle-schema.ts' or its corresponding type declarations.

3 import type * as schema from "../../.milkio/drizzle-schema.ts";
                               ~~~~~~~~~~~~~~~~~~~~~~~~~~~~~~~~~

app/handlers/foo.handler.ts:2:32 - error TS2307: Cannot find module '../../.milkio/index.ts' or its corresponding type declarations.

2 import type { generated } from '../../.milkio/index.ts'
                                 ~~~~~~~~~~~~~~~~~~~~~~~~

app/modules/action/action-return-null.action.ts:1:36 - error TS2307: Cannot find module '../../../.milkio/declares.ts' or its corresponding type declarations.

1 import type { MilkioContext } from "../../../.milkio/declares.ts";
                                     ~~~~~~~~~~~~~~~~~~~~~~~~~~~~~~

app/modules/action/date-echo.action.ts:1:48 - error TS2307: Cannot find module '../../../.milkio/declares.ts' or its corresponding type declarations.

1 import type { MilkioContext, MilkioMeta } from "../../../.milkio/declares.ts";
                                                 ~~~~~~~~~~~~~~~~~~~~~~~~~~~~~~

app/modules/action/type-safety.action.ts:1:36 - error TS2307: Cannot find module '../../../.milkio/declares.ts' or its corresponding type declarations.

1 import type { MilkioContext } from "../../../.milkio/declares.ts";
                                     ~~~~~~~~~~~~~~~~~~~~~~~~~~~~~~

app/modules/benchmark/json.action.ts:1:36 - error TS2307: Cannot find module '../../../.milkio/declares.ts' or its corresponding type declarations.

1 import type { MilkioContext } from "../../../.milkio/declares.ts";
                                     ~~~~~~~~~~~~~~~~~~~~~~~~~~~~~~

app/modules/concurrency/counter.action.ts:1:36 - error TS2307: Cannot find module '../../../.milkio/declares.ts' or its corresponding type declarations.

1 import type { MilkioContext } from "../../../.milkio/declares.ts";
                                     ~~~~~~~~~~~~~~~~~~~~~~~~~~~~~~

app/modules/concurrency/delay.action.ts:1:36 - error TS2307: Cannot find module '../../../.milkio/declares.ts' or its corresponding type declarations.

1 import type { MilkioContext } from "../../../.milkio/declares.ts";
                                     ~~~~~~~~~~~~~~~~~~~~~~~~~~~~~~

app/modules/config/get-config.action.ts:1:36 - error TS2307: Cannot find module '../../../.milkio/declares.ts' or its corresponding type declarations.

1 import type { MilkioContext } from "../../../.milkio/declares.ts";
                                     ~~~~~~~~~~~~~~~~~~~~~~~~~~~~~~

app/modules/context/context.action.ts:3:36 - error TS2307: Cannot find module '../../../.milkio/declares.ts' or its corresponding type declarations.

3 import type { MilkioContext } from "../../../.milkio/declares.ts";
                                     ~~~~~~~~~~~~~~~~~~~~~~~~~~~~~~

app/modules/cors/ping.action.ts:3:48 - error TS2307: Cannot find module '../../../.milkio/declares.ts' or its corresponding type declarations.

3 import type { MilkioContext, MilkioMeta } from "../../../.milkio/declares.ts";
                                                 ~~~~~~~~~~~~~~~~~~~~~~~~~~~~~~

app/modules/event/$events/context-check.event.ts:1:36 - error TS2307: Cannot find module '../../../../.milkio/declares.ts' or its corresponding type declarations.

1 import type { MilkioContext } from '../../../../.milkio/declares.ts'
                                     ~~~~~~~~~~~~~~~~~~~~~~~~~~~~~~~~~

app/modules/event/$handlers/context-check.handler.ts:2:32 - error TS2307: Cannot find module '../../../../.milkio/index.ts' or its corresponding type declarations.

2 import type { generated } from '../../../../.milkio/index.ts'
                                 ~~~~~~~~~~~~~~~~~~~~~~~~~~~~~~

app/modules/event/$handlers/fail.handler.ts:2:32 - error TS2307: Cannot find module '../../../../.milkio/index.ts' or its corresponding type declarations.

2 import type { generated } from '../../../../.milkio/index.ts'
                                 ~~~~~~~~~~~~~~~~~~~~~~~~~~~~~~

app/modules/event/$handlers/notify-b.handler.ts:2:32 - error TS2307: Cannot find module '../../../../.milkio/index.ts' or its corresponding type declarations.

2 import type { generated } from '../../../../.milkio/index.ts'
                                 ~~~~~~~~~~~~~~~~~~~~~~~~~~~~~~

app/modules/event/$handlers/notify.handler.ts:2:32 - error TS2307: Cannot find module '../../../../.milkio/index.ts' or its corresponding type declarations.

2 import type { generated } from '../../../../.milkio/index.ts'
                                 ~~~~~~~~~~~~~~~~~~~~~~~~~~~~~~

app/modules/event/trigger.action.ts:1:36 - error TS2307: Cannot find module '../../../.milkio/declares.ts' or its corresponding type declarations.

1 import type { MilkioContext } from "../../../.milkio/declares.ts";
                                     ~~~~~~~~~~~~~~~~~~~~~~~~~~~~~~

app/modules/hello-world/binary-response.action.ts:1:36 - error TS2307: Cannot find module '../../../.milkio/declares.ts' or its corresponding type declarations.

1 import type { MilkioContext } from "../../../.milkio/declares.ts";
                                     ~~~~~~~~~~~~~~~~~~~~~~~~~~~~~~

app/modules/hello-world/headers.action.ts:1:48 - error TS2307: Cannot find module '../../../.milkio/declares.ts' or its corresponding type declarations.

1 import type { MilkioContext, MilkioMeta } from "../../../.milkio/declares.ts";
                                                 ~~~~~~~~~~~~~~~~~~~~~~~~~~~~~~

app/modules/hello-world/hello.action.ts:3:48 - error TS2307: Cannot find module '../../../.milkio/declares.ts' or its corresponding type declarations.

3 import type { MilkioContext, MilkioMeta } from "../../../.milkio/declares.ts";
                                                 ~~~~~~~~~~~~~~~~~~~~~~~~~~~~~~

app/modules/hello-world/index.action.ts:3:36 - error TS2307: Cannot find module '../../../.milkio/declares.ts' or its corresponding type declarations.

3 import type { MilkioContext } from "../../../.milkio/declares.ts";
                                     ~~~~~~~~~~~~~~~~~~~~~~~~~~~~~~

app/modules/index.action.ts:1:48 - error TS2307: Cannot find module '../../.milkio/declares.ts' or its corresponding type declarations.

1 import type { MilkioContext, MilkioMeta } from "../../.milkio/declares.ts";
                                                 ~~~~~~~~~~~~~~~~~~~~~~~~~~~

app/modules/internal/$exports/helper.action.ts:1:36 - error TS2307: Cannot find module '../../../../.milkio/declares.ts' or its corresponding type declarations.

1 import type { MilkioContext } from "../../../../.milkio/declares.ts";
                                     ~~~~~~~~~~~~~~~~~~~~~~~~~~~~~~~~~

app/modules/internal/call-helper.action.ts:1:36 - error TS2307: Cannot find module '../../../.milkio/declares.ts' or its corresponding type declarations.

1 import type { MilkioContext } from "../../../.milkio/declares.ts";
                                     ~~~~~~~~~~~~~~~~~~~~~~~~~~~~~~

app/modules/lifecycle/$handlers/lifecycle.handler.ts:2:32 - error TS2307: Cannot find module '../../../../.milkio/index.ts' or its corresponding type declarations.

2 import type { generated } from '../../../../.milkio/index.ts'
                                 ~~~~~~~~~~~~~~~~~~~~~~~~~~~~~~

app/modules/lifecycle/hook-test.action.ts:1:36 - error TS2307: Cannot find module '../../../.milkio/declares.ts' or its corresponding type declarations.

1 import type { MilkioContext } from "../../../.milkio/declares.ts";
                                     ~~~~~~~~~~~~~~~~~~~~~~~~~~~~~~

app/modules/security/strict-params-off.action.ts:1:48 - error TS2307: Cannot find module '../../../.milkio/declares.ts' or its corresponding type declarations.

1 import type { MilkioContext, MilkioMeta } from "../../../.milkio/declares.ts";
                                                 ~~~~~~~~~~~~~~~~~~~~~~~~~~~~~~

app/modules/security/strict-params.action.ts:1:36 - error TS2307: Cannot find module '../../../.milkio/declares.ts' or its corresponding type declarations.

1 import type { MilkioContext } from "../../../.milkio/declares.ts";
                                     ~~~~~~~~~~~~~~~~~~~~~~~~~~~~~~

app/modules/stream/check-cancel-state.action.ts:1:48 - error TS2307: Cannot find module '../../../.milkio/declares.ts' or its corresponding type declarations.

1 import type { MilkioMeta, MilkioContext } from "../../../.milkio/declares.ts";
                                                 ~~~~~~~~~~~~~~~~~~~~~~~~~~~~~~

app/modules/stream/flow-fail.stream.ts:2:36 - error TS2307: Cannot find module '../../../.milkio/declares.ts' or its corresponding type declarations.

2 import type { MilkioContext } from "../../../.milkio/declares.ts";
                                     ~~~~~~~~~~~~~~~~~~~~~~~~~~~~~~

app/modules/stream/flow-success.stream.ts:2:48 - error TS2307: Cannot find module '../../../.milkio/declares.ts' or its corresponding type declarations.

2 import type { MilkioContext, MilkioMeta } from "../../../.milkio/declares.ts";
                                                 ~~~~~~~~~~~~~~~~~~~~~~~~~~~~~~

app/modules/stream/stream-cancel.stream.ts:1:48 - error TS2307: Cannot find module '../../../.milkio/declares.ts' or its corresponding type declarations.

1 import type { MilkioMeta, MilkioContext } from "../../../.milkio/declares.ts";
                                                 ~~~~~~~~~~~~~~~~~~~~~~~~~~~~~~

app/modules/stream/stream-hello-world.stream.ts:1:48 - error TS2307: Cannot find module '../../../.milkio/declares.ts' or its corresponding type declarations.

1 import type { MilkioContext, MilkioMeta } from "../../../.milkio/declares.ts";
                                                 ~~~~~~~~~~~~~~~~~~~~~~~~~~~~~~

app/modules/typia/hello.action.ts:3:48 - error TS2307: Cannot find module '../../../.milkio/declares.ts' or its corresponding type declarations.

3 import type { MilkioContext, MilkioMeta } from "../../../.milkio/declares.ts";
                                                 ~~~~~~~~~~~~~~~~~~~~~~~~~~~~~~

app/modules/typia/index.action.ts:3:48 - error TS2307: Cannot find module '../../../.milkio/declares.ts' or its corresponding type declarations.

3 import type { MilkioContext, MilkioMeta } from "../../../.milkio/declares.ts";
                                                 ~~~~~~~~~~~~~~~~~~~~~~~~~~~~~~

index.ts:2:27 - error TS2307: Cannot find module './.milkio/index.ts' or its corresponding type declarations.

2 import { generated } from "./.milkio/index.ts";
                            ~~~~~~~~~~~~~~~~~~~~


index.ts:3:30 - error TS2307: Cannot find module './.milkio/config-schema.ts' or its corresponding type declarations.

3 import { configSchema } from "./.milkio/config-schema.ts";
                               ~~~~~~~~~~~~~~~~~~~~~~~~~~~~

test.ts:3:32 - error TS2307: Cannot find module './.milkio/index.ts' or its corresponding type declarations.

3 import type { generated } from "./.milkio/index.ts";
                                 ~~~~~~~~~~~~~~~~~~~~

Found 38 errors in 37 files.

Errors  Files
     1  app/contexts/index.context.ts:3
     1  app/handlers/foo.handler.ts:2
     1  app/modules/action/action-return-null.action.ts:1
     1  app/modules/action/date-echo.action.ts:1
     1  app/modules/action/type-safety.action.ts:1
     1  app/modules/benchmark/json.action.ts:1
     1  app/modules/concurrency/counter.action.ts:1
     1  app/modules/concurrency/delay.action.ts:1
     1  app/modules/config/get-config.action.ts:1
     1  app/modules/context/context.action.ts:3
     1  app/modules/cors/ping.action.ts:3
     1  app/modules/event/$events/context-check.event.ts:1
     1  app/modules/event/$handlers/context-check.handler.ts:2
     1  app/modules/event/$handlers/fail.handler.ts:2
     1  app/modules/event/$handlers/notify-b.handler.ts:2
     1  app/modules/event/$handlers/notify.handler.ts:2
     1  app/modules/event/trigger.action.ts:1
     1  app/modules/hello-world/binary-response.action.ts:1
     1  app/modules/hello-world/headers.action.ts:1
     1  app/modules/hello-world/hello.action.ts:3
     1  app/modules/hello-world/index.action.ts:3
     1  app/modules/index.action.ts:1
     1  app/modules/internal/$exports/helper.action.ts:1
     1  app/modules/internal/call-helper.action.ts:1
     1  app/modules/lifecycle/$handlers/lifecycle.handler.ts:2
     1  app/modules/lifecycle/hook-test.action.ts:1
     1  app/modules/security/strict-params-off.action.ts:1
     1  app/modules/security/strict-params.action.ts:1
     1  app/modules/stream/check-cancel-state.action.ts:1
     1  app/modules/stream/flow-fail.stream.ts:2
     1  app/modules/stream/flow-success.stream.ts:2
     1  app/modules/stream/stream-cancel.stream.ts:1
     1  app/modules/stream/stream-hello-world.stream.ts:1
     1  app/modules/typia/hello.action.ts:3
     1  app/modules/typia/index.action.ts:3
     2  index.ts:2
     1  test.ts:3
Type check failed for project "test-bun" (exit code 2):
app/contexts/index.context.ts:3:30 - error TS2307: Cannot find module '../../.milkio/drizzle-schema.ts' or its corresponding type declarations.

3 import type * as schema from "../../.milkio/drizzle-schema.ts";
                               ~~~~~~~~~~~~~~~~~~~~~~~~~~~~~~~~~

app/handlers/foo.handler.ts:2:32 - error TS2307: Cannot find module '../../.milkio/index.ts' or its corresponding type declarations.

2 import type { generated } from '../../.milkio/index.ts'
                                 ~~~~~~~~~~~~~~~~~~~~~~~~

app/modules/action/action-return-null.action.ts:1:36 - error TS2307: Cannot find module '../../../.milkio/declares.ts' or its corresponding type declarations.

1 import type { MilkioContext } from "../../../.milkio/declares.ts";
                                     ~~~~~~~~~~~~~~~~~~~~~~~~~~~~~~

app/modules/action/date-echo.action.ts:1:48 - error TS2307: Cannot find module '../../../.milkio/declares.ts' or its corresponding type declarations.

1 import type { MilkioContext, MilkioMeta } from "../../../.milkio/declares.ts";
                                                 ~~~~~~~~~~~~~~~~~~~~~~~~~~~~~~

app/modules/action/type-safety.action.ts:1:36 - error TS2307: Cannot find module '../../../.milkio/declares.ts' or its corresponding type declarations.

1 import type { MilkioContext } from "../../../.milkio/declares.ts";
                                     ~~~~~~~~~~~~~~~~~~~~~~~~~~~~~~

app/modules/benchmark/json.action.ts:1:36 - error TS2307: Cannot find module '../../../.milkio/declares.ts' or its corresponding type declarations.

1 import type { MilkioContext } from "../../../.milkio/declares.ts";
                                     ~~~~~~~~~~~~~~~~~~~~~~~~~~~~~~

app/modules/concurrency/counter.action.ts:1:36 - error TS2307: Cannot find module '../../../.milkio/declares.ts' or its corresponding type declarations.

1 import type { MilkioContext } from "../../../.milkio/declares.ts";
                                     ~~~~~~~~~~~~~~~~~~~~~~~~~~~~~~

app/modules/concurrency/delay.action.ts:1:36 - error TS2307: Cannot find module '../../../.milkio/declares.ts' or its corresponding type declarations.

1 import type { MilkioContext } from "../../../.milkio/declares.ts";
                                     ~~~~~~~~~~~~~~~~~~~~~~~~~~~~~~

app/modules/config/get-config.action.ts:1:36 - error TS2307: Cannot find module '../../../.milkio/declares.ts' or its corresponding type declarations.

1 import type { MilkioContext } from "../../../.milkio/declares.ts";
                                     ~~~~~~~~~~~~~~~~~~~~~~~~~~~~~~

app/modules/context/context.action.ts:3:36 - error TS2307: Cannot find module '../../../.milkio/declares.ts' or its corresponding type declarations.

3 import type { MilkioContext } from "../../../.milkio/declares.ts";
                                     ~~~~~~~~~~~~~~~~~~~~~~~~~~~~~~

app/modules/cors/ping.action.ts:3:48 - error TS2307: Cannot find module '../../../.milkio/declares.ts' or its corresponding type declarations.

3 import type { MilkioContext, MilkioMeta } from "../../../.milkio/declares.ts";
                                                 ~~~~~~~~~~~~~~~~~~~~~~~~~~~~~~

app/modules/event/$events/context-check.event.ts:1:36 - error TS2307: Cannot find module '../../../../.milkio/declares.ts' or its corresponding type declarations.

1 import type { MilkioContext } from '../../../../.milkio/declares.ts'
                                     ~~~~~~~~~~~~~~~~~~~~~~~~~~~~~~~~~

app/modules/event/$handlers/context-check.handler.ts:2:32 - error TS2307: Cannot find module '../../../../.milkio/index.ts' or its corresponding type declarations.

2 import type { generated } from '../../../../.milkio/index.ts'
                                 ~~~~~~~~~~~~~~~~~~~~~~~~~~~~~~

app/modules/event/$handlers/fail.handler.ts:2:32 - error TS2307: Cannot find module '../../../../.milkio/index.ts' or its corresponding type declarations.

2 import type { generated } from '../../../../.milkio/index.ts'
                                 ~~~~~~~~~~~~~~~~~~~~~~~~~~~~~~

app/modules/event/$handlers/notify-b.handler.ts:2:32 - error TS2307: Cannot find module '../../../../.milkio/index.ts' or its corresponding type declarations.

2 import type { generated } from '../../../../.milkio/index.ts'
                                 ~~~~~~~~~~~~~~~~~~~~~~~~~~~~~~

app/modules/event/$handlers/notify.handler.ts:2:32 - error TS2307: Cannot find module '../../../../.milkio/index.ts' or its corresponding type declarations.

2 import type { generated } from '../../../../.milkio/index.ts'
                                 ~~~~~~~~~~~~~~~~~~~~~~~~~~~~~~

app/modules/event/trigger.action.ts:1:36 - error TS2307: Cannot find module '../../../.milkio/declares.ts' or its corresponding type declarations.

1 import type { MilkioContext } from "../../../.milkio/declares.ts";
                                     ~~~~~~~~~~~~~~~~~~~~~~~~~~~~~~

app/modules/hello-world/binary-response.action.ts:1:36 - error TS2307: Cannot find module '../../../.milkio/declares.ts' or its corresponding type declarations.

1 import type { MilkioContext } from "../../../.milkio/declares.ts";
                                     ~~~~~~~~~~~~~~~~~~~~~~~~~~~~~~

app/modules/hello-world/headers.action.ts:1:48 - error TS2307: Cannot find module '../../../.milkio/declares.ts' or its corresponding type declarations.

1 import type { MilkioContext, MilkioMeta } from "../../../.milkio/declares.ts";
                                                 ~~~~~~~~~~~~~~~~~~~~~~~~~~~~~~

app/modules/hello-world/hello.action.ts:3:48 - error TS2307: Cannot find module '../../../.milkio/declares.ts' or its corresponding type declarations.

3 import type { MilkioContext, MilkioMeta } from "../../../.milkio/declares.ts";
                                                 ~~~~~~~~~~~~~~~~~~~~~~~~~~~~~~

app/modules/hello-world/index.action.ts:3:36 - error TS2307: Cannot find module '../../../.milkio/declares.ts' or its corresponding type declarations.

3 import type { MilkioContext } from "../../../.milkio/declares.ts";
                                     ~~~~~~~~~~~~~~~~~~~~~~~~~~~~~~

app/modules/index.action.ts:1:48 - error TS2307: Cannot find module '../../.milkio/declares.ts' or its corresponding type declarations.

1 import type { MilkioContext, MilkioMeta } from "../../.milkio/declares.ts";
                                                 ~~~~~~~~~~~~~~~~~~~~~~~~~~~

app/modules/internal/$exports/helper.action.ts:1:36 - error TS2307: Cannot find module '../../../../.milkio/declares.ts' or its corresponding type declarations.

1 import type { MilkioContext } from "../../../../.milkio/declares.ts";
                                     ~~~~~~~~~~~~~~~~~~~~~~~~~~~~~~~~~

app/modules/internal/call-helper.action.ts:1:36 - error TS2307: Cannot find module '../../../.milkio/declares.ts' or its corresponding type declarations.

1 import type { MilkioContext } from "../../../.milkio/declares.ts";
                                     ~~~~~~~~~~~~~~~~~~~~~~~~~~~~~~

app/modules/lifecycle/$handlers/lifecycle.handler.ts:2:32 - error TS2307: Cannot find module '../../../../.milkio/index.ts' or its corresponding type declarations.

2 import type { generated } from '../../../../.milkio/index.ts'
                                 ~~~~~~~~~~~~~~~~~~~~~~~~~~~~~~

app/modules/lifecycle/hook-test.action.ts:1:36 - error TS2307: Cannot find module '../../../.milkio/declares.ts' or its corresponding type declarations.

1 import type { MilkioContext } from "../../../.milkio/declares.ts";
                                     ~~~~~~~~~~~~~~~~~~~~~~~~~~~~~~

app/modules/security/strict-params-off.action.ts:1:48 - error TS2307: Cannot find module '../../../.milkio/declares.ts' or its corresponding type declarations.

1 import type { MilkioContext, MilkioMeta } from "../../../.milkio/declares.ts";
                                                 ~~~~~~~~~~~~~~~~~~~~~~~~~~~~~~

app/modules/security/strict-params.action.ts:1:36 - error TS2307: Cannot find module '../../../.milkio/declares.ts' or its corresponding type declarations.

1 import type { MilkioContext } from "../../../.milkio/declares.ts";
                                     ~~~~~~~~~~~~~~~~~~~~~~~~~~~~~~

app/modules/stream/check-cancel-state.action.ts:1:48 - error TS2307: Cannot find module '../../../.milkio/declares.ts' or its corresponding type declarations.

1 import type { MilkioMeta, MilkioContext } from "../../../.milkio/declares.ts";
                                                 ~~~~~~~~~~~~~~~~~~~~~~~~~~~~~~

app/modules/stream/flow-fail.stream.ts:2:36 - error TS2307: Cannot find module '../../../.milkio/declares.ts' or its corresponding type declarations.

2 import type { MilkioContext } from "../../../.milkio/declares.ts";
                                     ~~~~~~~~~~~~~~~~~~~~~~~~~~~~~~

app/modules/stream/flow-success.stream.ts:2:48 - error TS2307: Cannot find module '../../../.milkio/declares.ts' or its corresponding type declarations.

2 import type { MilkioContext, MilkioMeta } from "../../../.milkio/declares.ts";
                                                 ~~~~~~~~~~~~~~~~~~~~~~~~~~~~~~

app/modules/stream/stream-cancel.stream.ts:1:48 - error TS2307: Cannot find module '../../../.milkio/declares.ts' or its corresponding type declarations.


1 import type { MilkioMeta, MilkioContext } from "../../../.milkio/declares.ts";
                                                 ~~~~~~~~~~~~~~~~~~~~~~~~~~~~~~

app/modules/stream/stream-hello-world.stream.ts:1:48 - error TS2307: Cannot find module '../../../.milkio/declares.ts' or its corresponding type declarations.

1 import type { MilkioContext, MilkioMeta } from "../../../.milkio/declares.ts";
                                                 ~~~~~~~~~~~~~~~~~~~~~~~~~~~~~~

app/modules/typia/hello.action.ts:3:48 - error TS2307: Cannot find module '../../../.milkio/declares.ts' or its corresponding type declarations.

3 import type { MilkioContext, MilkioMeta } from "../../../.milkio/declares.ts";
                                                 ~~~~~~~~~~~~~~~~~~~~~~~~~~~~~~

app/modules/typia/index.action.ts:3:48 - error TS2307: Cannot find module '../../../.milkio/declares.ts' or its corresponding type declarations.

3 import type { MilkioContext, MilkioMeta } from "../../../.milkio/declares.ts";
                                                 ~~~~~~~~~~~~~~~~~~~~~~~~~~~~~~

index.ts:2:27 - error TS2307: Cannot find module './.milkio/index.ts' or its corresponding type declarations.

2 import { generated } from "./.milkio/index.ts";
                            ~~~~~~~~~~~~~~~~~~~~

index.ts:3:30 - error TS2307: Cannot find module './.milkio/config-schema.ts' or its corresponding type declarations.

3 import { configSchema } from "./.milkio/config-schema.ts";
                               ~~~~~~~~~~~~~~~~~~~~~~~~~~~~

test.ts:3:32 - error TS2307: Cannot find module './.milkio/index.ts' or its corresponding type declarations.

3 import type { generated } from "./.milkio/index.ts";
                                 ~~~~~~~~~~~~~~~~~~~~

Found 38 errors in 37 files.

Errors  Files
     1  app/contexts/index.context.ts:3
     1  app/handlers/foo.handler.ts:2
     1  app/modules/action/action-return-null.action.ts:1
     1  app/modules/action/date-echo.action.ts:1
     1  app/modules/action/type-safety.action.ts:1
     1  app/modules/benchmark/json.action.ts:1
     1  app/modules/concurrency/counter.action.ts:1
     1  app/modules/concurrency/delay.action.ts:1
     1  app/modules/config/get-config.action.ts:1
     1  app/modules/context/context.action.ts:3
     1  app/modules/cors/ping.action.ts:3
     1  app/modules/event/$events/context-check.event.ts:1
     1  app/modules/event/$handlers/context-check.handler.ts:2
     1  app/modules/event/$handlers/fail.handler.ts:2
     1  app/modules/event/$handlers/notify-b.handler.ts:2
     1  app/modules/event/$handlers/notify.handler.ts:2
     1  app/modules/event/trigger.action.ts:1
     1  app/modules/hello-world/binary-response.action.ts:1
     1  app/modules/hello-world/headers.action.ts:1
     1  app/modules/hello-world/hello.action.ts:3
     1  app/modules/hello-world/index.action.ts:3
     1  app/modules/index.action.ts:1
     1  app/modules/internal/$exports/helper.action.ts:1
     1  app/modules/internal/call-helper.action.ts:1
     1  app/modules/lifecycle/$handlers/lifecycle.handler.ts:2
     1  app/modules/lifecycle/hook-test.action.ts:1
     1  app/modules/security/strict-params-off.action.ts:1
     1  app/modules/security/strict-params.action.ts:1
     1  app/modules/stream/check-cancel-state.action.ts:1
     1  app/modules/stream/flow-fail.stream.ts:2
     1  app/modules/stream/flow-success.stream.ts:2
     1  app/modules/stream/stream-cancel.stream.ts:1
     1  app/modules/stream/stream-hello-world.stream.ts:1
     1  app/modules/typia/hello.action.ts:3
     1  app/modules/typia/index.action.ts:3
     2  index.ts:2
     1  test.ts:3
Type check failed for project "test" (exit code 2):
app/contexts/index.context.ts:3:30 - error TS2307: Cannot find module '../../.milkio/drizzle-schema.ts' or its corresponding type declarations.

3 import type * as schema from "../../.milkio/drizzle-schema.ts";
                               ~~~~~~~~~~~~~~~~~~~~~~~~~~~~~~~~~

app/handlers/foo.handler.ts:2:32 - error TS2307: Cannot find module '../../.milkio/index.ts' or its corresponding type declarations.

2 import type { generated } from '../../.milkio/index.ts'
                                 ~~~~~~~~~~~~~~~~~~~~~~~~

app/modules/action/action-return-null.action.ts:1:36 - error TS2307: Cannot find module '../../../.milkio/declares.ts' or its corresponding type declarations.

1 import type { MilkioContext } from "../../../.milkio/declares.ts";
                                     ~~~~~~~~~~~~~~~~~~~~~~~~~~~~~~

app/modules/action/date-echo.action.ts:1:48 - error TS2307: Cannot find module '../../../.milkio/declares.ts' or its corresponding type declarations.

1 import type { MilkioContext, MilkioMeta } from "../../../.milkio/declares.ts";
                                                 ~~~~~~~~~~~~~~~~~~~~~~~~~~~~~~

app/modules/action/type-safety.action.ts:1:36 - error TS2307: Cannot find module '../../../.milkio/declares.ts' or its corresponding type declarations.

1 import type { MilkioContext } from "../../../.milkio/declares.ts";
                                     ~~~~~~~~~~~~~~~~~~~~~~~~~~~~~~

app/modules/benchmark/json.action.ts:1:36 - error TS2307: Cannot find module '../../../.milkio/declares.ts' or its corresponding type declarations.

1 import type { MilkioContext } from "../../../.milkio/declares.ts";
                                     ~~~~~~~~~~~~~~~~~~~~~~~~~~~~~~

app/modules/concurrency/counter.action.ts:1:36 - error TS2307: Cannot find module '../../../.milkio/declares.ts' or its corresponding type declarations.

1 import type { MilkioContext } from "../../../.milkio/declares.ts";
                                     ~~~~~~~~~~~~~~~~~~~~~~~~~~~~~~

app/modules/concurrency/delay.action.ts:1:36 - error TS2307: Cannot find module '../../../.milkio/declares.ts' or its corresponding type declarations.

1 import type { MilkioContext } from "../../../.milkio/declares.ts";
                                     ~~~~~~~~~~~~~~~~~~~~~~~~~~~~~~

app/modules/config/get-config.action.ts:1:36 - error TS2307: Cannot find module '../../../.milkio/declares.ts' or its corresponding type declarations.

1 import type { MilkioContext } from "../../../.milkio/declares.ts";
                                     ~~~~~~~~~~~~~~~~~~~~~~~~~~~~~~

app/modules/context/context.action.ts:3:36 - error TS2307: Cannot find module '../../../.milkio/declares.ts' or its corresponding type declarations.

3 import type { MilkioContext } from "../../../.milkio/declares.ts";
                                     ~~~~~~~~~~~~~~~~~~~~~~~~~~~~~~

app/modules/cors/ping.action.ts:3:48 - error TS2307: Cannot find module '../../../.milkio/declares.ts' or its corresponding type declarations.

3 import type { MilkioContext, MilkioMeta } from "../../../.milkio/declares.ts";
                                                 ~~~~~~~~~~~~~~~~~~~~~~~~~~~~~~

app/modules/event/$events/context-check.event.ts:1:36 - error TS2307: Cannot find module '../../../../.milkio/declares.ts' or its corresponding type declarations.

1 import type { MilkioContext } from '../../../../.milkio/declares.ts'
                                     ~~~~~~~~~~~~~~~~~~~~~~~~~~~~~~~~~

app/modules/event/$handlers/context-check.handler.ts:2:32 - error TS2307: Cannot find module '../../../../.milkio/index.ts' or its corresponding type declarations.

2 import type { generated } from '../../../../.milkio/index.ts'
                                 ~~~~~~~~~~~~~~~~~~~~~~~~~~~~~~

app/modules/event/$handlers/fail.handler.ts:2:32 - error TS2307: Cannot find module '../../../../.milkio/index.ts' or its corresponding type declarations.

2 import type { generated } from '../../../../.milkio/index.ts'
                                 ~~~~~~~~~~~~~~~~~~~~~~~~~~~~~~

app/modules/event/$handlers/notify-b.handler.ts:2:32 - error TS2307: Cannot find module '../../../../.milkio/index.ts' or its corresponding type declarations.

2 import type { generated } from '../../../../.milkio/index.ts'
                                 ~~~~~~~~~~~~~~~~~~~~~~~~~~~~~~

app/modules/event/$handlers/notify.handler.ts:2:32 - error TS2307: Cannot find module '../../../../.milkio/index.ts' or its corresponding type declarations.

2 import type { generated } from '../../../../.milkio/index.ts'
                                 ~~~~~~~~~~~~~~~~~~~~~~~~~~~~~~

app/modules/event/trigger.action.ts:1:36 - error TS2307: Cannot find module '../../../.milkio/declares.ts' or its corresponding type declarations.

1 import type { MilkioContext } from "../../../.milkio/declares.ts";
                                     ~~~~~~~~~~~~~~~~~~~~~~~~~~~~~~

app/modules/hello-world/binary-response.action.ts:1:36 - error TS2307: Cannot find module '../../../.milkio/declares.ts' or its corresponding type declarations.

1 import type { MilkioContext } from "../../../.milkio/declares.ts";
                                     ~~~~~~~~~~~~~~~~~~~~~~~~~~~~~~

app/modules/hello-world/headers.action.ts:1:48 - error TS2307: Cannot find module '../../../.milkio/declares.ts' or its corresponding type declarations.

1 import type { MilkioContext, MilkioMeta } from "../../../.milkio/declares.ts";
                                                 ~~~~~~~~~~~~~~~~~~~~~~~~~~~~~~

app/modules/hello-world/hello.action.ts:3:48 - error TS2307: Cannot find module '../../../.milkio/declares.ts' or its corresponding type declarations.

3 import type { MilkioContext, MilkioMeta } from "../../../.milkio/declares.ts";
                                                 ~~~~~~~~~~~~~~~~~~~~~~~~~~~~~~

app/modules/hello-world/index.action.ts:3:36 - error TS2307: Cannot find module '../../../.milkio/declares.ts' or its corresponding type declarations.

3 import type { MilkioContext } from "../../../.milkio/declares.ts";
                                     ~~~~~~~~~~~~~~~~~~~~~~~~~~~~~~

app/modules/index.action.ts:1:48 - error TS2307: Cannot find module '../../.milkio/declares.ts' or its corresponding type declarations.

1 import type { MilkioContext, MilkioMeta } from "../../.milkio/declares.ts";
                                                 ~~~~~~~~~~~~~~~~~~~~~~~~~~~

app/modules/internal/$exports/helper.action.ts:1:36 - error TS2307: Cannot find module '../../../../.milkio/declares.ts' or its corresponding type declarations.

1 import type { MilkioContext } from "../../../../.milkio/declares.ts";
                                     ~~~~~~~~~~~~~~~~~~~~~~~~~~~~~~~~~

app/modules/internal/call-helper.action.ts:1:36 - error TS2307: Cannot find module '../../../.milkio/declares.ts' or its corresponding type declarations.

1 import type { MilkioContext } from "../../../.milkio/declares.ts";
                                     ~~~~~~~~~~~~~~~~~~~~~~~~~~~~~~

app/modules/lifecycle/$handlers/lifecycle.handler.ts:2:32 - error TS2307: Cannot find module '../../../../.milkio/index.ts' or its corresponding type declarations.

2 import type { generated } from '../../../../.milkio/index.ts'
                                 ~~~~~~~~~~~~~~~~~~~~~~~~~~~~~~

app/modules/lifecycle/hook-test.action.ts:1:36 - error TS2307: Cannot find module '../../../.milkio/declares.ts' or its corresponding type declarations.

1 import type { MilkioContext } from "../../../.milkio/declares.ts";
                                     ~~~~~~~~~~~~~~~~~~~~~~~~~~~~~~

app/modules/security/strict-params-off.action.ts:1:48 - error TS2307: Cannot find module '../../../.milkio/declares.ts' or its corresponding type declarations.

1 import type { MilkioContext, MilkioMeta } from "../../../.milkio/declares.ts";
                                                 ~~~~~~~~~~~~~~~~~~~~~~~~~~~~~~

app/modules/security/strict-params.action.ts:1:36 - error TS2307: Cannot find module '../../../.milkio/declares.ts' or its corresponding type declarations.

1 import type { MilkioContext } from "../../../.milkio/declares.ts";
                                     ~~~~~~~~~~~~~~~~~~~~~~~~~~~~~~

app/modules/stream/check-cancel-state.action.ts:1:48 - error TS2307: Cannot find module '../../../.milkio/declares.ts' or its corresponding type declarations.

1 import type { MilkioMeta, MilkioContext } from "../../../.milkio/declares.ts";
                                                 ~~~~~~~~~~~~~~~~~~~~~~~~~~~~~~

app/modules/stream/flow-fail.stream.ts:2:36 - error TS2307: Cannot find module '../../../.milkio/declares.ts' or its corresponding type declarations.

2 import type { MilkioContext } from "../../../.milkio/declares.ts";
                                     ~~~~~~~~~~~~~~~~~~~~~~~~~~~~~~

app/modules/stream/flow-success.stream.ts:2:48 - error TS2307: Cannot find module '../../../.milkio/declares.ts' or its corresponding type declarations.

2 import type { MilkioContext, MilkioMeta } from "../../../.milkio/declares.ts";
                                                 ~~~~~~~~~~~~~~~~~~~~~~~~~~~~~~

app/modules/stream/stream-cancel.stream.ts:1:48 - error TS2307: Cannot find module '../../../.milkio/declares.ts' or its corresponding type declarations.

1 import type { MilkioMeta, MilkioContext } from "../../../.milkio/declares.ts";
                                                 ~~~~~~~~~~~~~~~~~~~~~~~~~~~~~~

app/modules/stream/stream-hello-world.stream.ts:1:48 - error TS2307: Cannot find module '../../../.milkio/declares.ts' or its corresponding type declarations.

1 import type { MilkioContext, MilkioMeta } from "../../../.milkio/declares.ts";
                                                 ~~~~~~~~~~~~~~~~~~~~~~~~~~~~~~

app/modules/typia/hello.action.ts:3:48 - error TS2307: Cannot find module '../../../.milkio/declares.ts' or its corresponding type declarations.

3 import type { MilkioContext, MilkioMeta } from "../../../.milkio/declares.ts";
                                                 ~~~~~~~~~~~~~~~~~~~~~~~~~~~~~~

app/modules/typia/index.action.ts:3:48 - error TS2307: Cannot find module '../../../.milkio/declares.ts' or its corresponding type declarations.

3 import type { MilkioContext, MilkioMeta } from "../../../.milkio/declares.ts";
                                                 ~~~~~~~~~~~~~~~~~~~~~~~~~~~~~~


drizzle.migrate.ts:2:25 - error TS2307: Cannot find module './.milkio/drizzle-schema.ts' or its corresponding type declarations.

2 import * as schema from "./.milkio/drizzle-schema.ts";
                          ~~~~~~~~~~~~~~~~~~~~~~~~~~~~~

index.ts:2:27 - error TS2307: Cannot find module './.milkio/index.ts' or its corresponding type declarations.

2 import { generated } from "./.milkio/index.ts";
                            ~~~~~~~~~~~~~~~~~~~~

index.ts:3:30 - error TS2307: Cannot find module './.milkio/config-schema.ts' or its corresponding type declarations.

3 import { configSchema } from "./.milkio/config-schema.ts";
                               ~~~~~~~~~~~~~~~~~~~~~~~~~~~~

test.ts:3:32 - error TS2307: Cannot find module './.milkio/index.ts' or its corresponding type declarations.

3 import type { generated } from "./.milkio/index.ts";
                                 ~~~~~~~~~~~~~~~~~~~~

Found 39 errors in 38 files.

Errors  Files
     1  app/contexts/index.context.ts:3
     1  app/handlers/foo.handler.ts:2
     1  app/modules/action/action-return-null.action.ts:1
     1  app/modules/action/date-echo.action.ts:1
     1  app/modules/action/type-safety.action.ts:1
     1  app/modules/benchmark/json.action.ts:1
     1  app/modules/concurrency/counter.action.ts:1
     1  app/modules/concurrency/delay.action.ts:1
     1  app/modules/config/get-config.action.ts:1
     1  app/modules/context/context.action.ts:3
     1  app/modules/cors/ping.action.ts:3
     1  app/modules/event/$events/context-check.event.ts:1
     1  app/modules/event/$handlers/context-check.handler.ts:2
     1  app/modules/event/$handlers/fail.handler.ts:2
     1  app/modules/event/$handlers/notify-b.handler.ts:2
     1  app/modules/event/$handlers/notify.handler.ts:2
     1  app/modules/event/trigger.action.ts:1
     1  app/modules/hello-world/binary-response.action.ts:1
     1  app/modules/hello-world/headers.action.ts:1
     1  app/modules/hello-world/hello.action.ts:3
     1  app/modules/hello-world/index.action.ts:3
     1  app/modules/index.action.ts:1
     1  app/modules/internal/$exports/helper.action.ts:1
     1  app/modules/internal/call-helper.action.ts:1
     1  app/modules/lifecycle/$handlers/lifecycle.handler.ts:2
     1  app/modules/lifecycle/hook-test.action.ts:1
     1  app/modules/security/strict-params-off.action.ts:1
     1  app/modules/security/strict-params.action.ts:1
     1  app/modules/stream/check-cancel-state.action.ts:1
     1  app/modules/stream/flow-fail.stream.ts:2
     1  app/modules/stream/flow-success.stream.ts:2
     1  app/modules/stream/stream-cancel.stream.ts:1
     1  app/modules/stream/stream-hello-world.stream.ts:1
     1  app/modules/typia/hello.action.ts:3
     1  app/modules/typia/index.action.ts:3
     1  drizzle.migrate.ts:2
     2  index.ts:2
     1  test.ts:3
Encountered errors in 3 of 4 project(s).
error: script "co" exited with code 1
